<?xml version="1.0"?>
<testsuites>
  <testsuite name="Chrome 39.0.2171 (Linux)" package="unit" timestamp="2014-12-14T01:41:23" id="0" hostname="diego-xubuntu" tests="10" errors="0" failures="2" time="0.034">
    <properties>
      <property name="browser.fullName" value="Mozilla/5.0 (X11; Linux x86_64) AppleWebKit/537.36 (KHTML, like Gecko) Chrome/39.0.2171.95 Safari/537.36"/>
    </properties>
    <testcase name="should be registered" time="0.002" classname="unit Chrome 39.0.2171 (Linux).unit test module myApp"/>
    <testcase name="should have ngRoute as a dependency" time="0.001" classname="unit Chrome 39.0.2171 (Linux).unit test module myApp"/>
    <testcase name="should have lumx as a dependency" time="0.001" classname="unit Chrome 39.0.2171 (Linux).unit test module myApp"/>
    <testcase name="should have myApp.views as a dependency" time="0" classname="unit Chrome 39.0.2171 (Linux).unit test module myApp"/>
    <testcase name="should have myApp.filters as a dependency" time="0" classname="unit Chrome 39.0.2171 (Linux).unit test module myApp"/>
    <testcase name="should have myApp.components as a dependency" time="0" classname="unit Chrome 39.0.2171 (Linux).unit test module myApp"/>
    <testcase name="should not be null" time="0.016" classname="unit Chrome 39.0.2171 (Linux).unit test controller ViewsControllers">
      <failure type="">Error: [ng:areq] Argument &apos;View1Ctrl&apos; is not a function, got undefined
http://errors.angularjs.org/1.3.6/ng/areq?p0=View1Ctrl&amp;p1=not%20a%20function%2C%20got%20undefined
    at /home/diego/Dev/frontend-angular-seed/app/bower_components/angular/angular.js:63:12
    at assertArg (/home/diego/Dev/frontend-angular-seed/app/bower_components/angular/angular.js:1564:11)
    at assertArgFn (/home/diego/Dev/frontend-angular-seed/app/bower_components/angular/angular.js:1574:3)
    at /home/diego/Dev/frontend-angular-seed/app/bower_components/angular/angular.js:8399:9
    at Object.&lt;anonymous&gt; (/home/diego/Dev/frontend-angular-seed/test/unit/01-views-spec.js:13:14)
    at Object.invoke (/home/diego/Dev/frontend-angular-seed/app/bower_components/angular/angular.js:4169:17)
    at Object.workFn (/home/diego/Dev/frontend-angular-seed/app/bower_components/angular-mocks/angular-mocks.js:2350:20)
Error: Declaration Location
    at window.inject.angular.mock.inject (/home/diego/Dev/frontend-angular-seed/app/bower_components/angular-mocks/angular-mocks.js:2321:25)
    at Suite.&lt;anonymous&gt; (/home/diego/Dev/frontend-angular-seed/test/unit/01-views-spec.js:11:16)
    at jasmineInterface.describe (/home/diego/Dev/frontend-angular-seed/node_modules/karma-jasmine/lib/boot.js:59:18)
    at Suite.&lt;anonymous&gt; (/home/diego/Dev/frontend-angular-seed/test/unit/01-views-spec.js:5:3)
    at jasmineInterface.describe (/home/diego/Dev/frontend-angular-seed/node_modules/karma-jasmine/lib/boot.js:59:18)
    at /home/diego/Dev/frontend-angular-seed/test/unit/01-views-spec.js:3:1
</failure>
    </testcase>
    <testcase name="should exists" time="0.003" classname="unit Chrome 39.0.2171 (Linux).unit test filters myFilter1"/>
    <testcase name="should exists, and should be properly configured" time="0.008" classname="unit Chrome 39.0.2171 (Linux).unit testing route /view1">
      <failure type="">Expected undefined not to be undefined.
Error: Expected undefined not to be undefined.
    at Object.&lt;anonymous&gt; (/home/diego/Dev/frontend-angular-seed/test/unit/04-routes-spec.js:13:51)
</failure>
      <failure type="">TypeError: Cannot read property &apos;controller&apos; of undefined
    at Object.&lt;anonymous&gt; (/home/diego/Dev/frontend-angular-seed/test/unit/04-routes-spec.js:14:45)
</failure>
    </testcase>
    <testcase name="should exists, and should be properly configured" time="0.003" classname="unit Chrome 39.0.2171 (Linux).unit testing route /view2"/>
    <system-out><![CDATA[
]]></system-out>
    <system-err/>
  </testsuite>
</testsuites>
